<?xml version="1.0" encoding="UTF-8"?>
<!-- Generated by org.testng.reporters.JUnitReportReporter -->
<testsuite hostname="DESKTOP-B5SFVJU" failures="0" tests="1" name="mavenDEMO.tc2_Test" time="27.476" errors="0" timestamp="2022-08-03T07:50:55 IST" skipped="0">
  <testcase classname="mavenDEMO.tc2_Test" name="Demo" time="27.476"/>
  <system-out/>
</testsuite> <!-- mavenDEMO.tc2_Test -->
