<?xml version="1.0" encoding="UTF-8"?>
<!-- Generated by org.testng.reporters.JUnitReportReporter -->
<testsuite hostname="DESKTOP-B5SFVJU" failures="0" tests="1" name="register.TC_DWS_03_Test" time="13.633" errors="0" timestamp="2022-08-10T12:10:21 IST" skipped="0">
  <testcase classname="register.TC_DWS_03_Test" name="Validate_Register_invalid_credentials" time="13.633"/>
  <system-out>
    <![CDATA[Clicked on Register button
Clicked on Radio button
Succesfully entered firstName
Succesfully entered lastName
Succesfully entered Email
Succesfully entered Password
Succesfully entered ConfirmPassword
Succesfully Logged in to the application]]>
  </system-out>
</testsuite> <!-- register.TC_DWS_03_Test -->
