<?xml version="1.0" encoding="UTF-8"?>
<!-- Generated by org.testng.reporters.JUnitReportReporter -->
<testsuite hostname="DESKTOP-B5SFVJU" failures="0" tests="1" name="mavenDEMO.tc4_Test" time="58.115" errors="0" timestamp="2022-08-03T07:50:55 IST" skipped="0">
  <testcase classname="mavenDEMO.tc4_Test" name="Demo" time="58.115"/>
  <system-out/>
</testsuite> <!-- mavenDEMO.tc4_Test -->
