<?xml version="1.0" encoding="UTF-8"?>
<!-- Generated by org.testng.reporters.JUnitReportReporter -->
<testsuite hostname="DESKTOP-B5SFVJU" failures="0" tests="1" name="books.TC_DWS_06_Test" time="9.213" errors="0" timestamp="2022-08-10T12:16:26 IST" skipped="0">
  <testcase classname="books.TC_DWS_06_Test" name="Validate_Books_invalid_credentials" time="9.213"/>
  <system-out>
    <![CDATA[Clicked on link]]>
  </system-out>
</testsuite> <!-- books.TC_DWS_06_Test -->
